<?xml version="1.0" encoding="UTF-8"?>
<!-- Generated by org.testng.reporters.JUnitXMLReporter -->
<testsuite ignored="20" hostname="DESKTOP-8F9QOOU" failures="0" tests="1" name="Test" time="29.079" errors="0" timestamp="2022-10-11T21:51:09 IST">
  <testcase classname="com.crm.product.Create_Product_Test" name="create_Product_Test" time="16.986"/>
  <testcase classname="com.crm.Generic_utility.Base_Class" name="@BeforeSuite BS" time="0.0">
    <ignored/>
  </testcase> <!-- @BeforeSuite BS -->
  <testcase classname="com.crm.Generic_utility.Base_Class" name="@BeforeSuite BS" time="0.0">
    <ignored/>
  </testcase> <!-- @BeforeSuite BS -->
  <testcase classname="com.crm.Generic_utility.Base_Class" name="@BeforeSuite BS" time="0.0">
    <ignored/>
  </testcase> <!-- @BeforeSuite BS -->
  <testcase classname="com.crm.Generic_utility.Base_Class" name="@BeforeSuite BS" time="0.0">
    <ignored/>
  </testcase> <!-- @BeforeSuite BS -->
  <testcase classname="com.crm.Generic_utility.Base_Class" name="@AfterTest AT" time="0.0">
    <ignored/>
  </testcase> <!-- @AfterTest AT -->
  <testcase classname="com.crm.Generic_utility.Base_Class" name="@AfterTest AT" time="0.0">
    <ignored/>
  </testcase> <!-- @AfterTest AT -->
  <testcase classname="com.crm.Generic_utility.Base_Class" name="@AfterTest AT" time="0.0">
    <ignored/>
  </testcase> <!-- @AfterTest AT -->
  <testcase classname="com.crm.Generic_utility.Base_Class" name="@AfterTest AT" time="0.0">
    <ignored/>
  </testcase> <!-- @AfterTest AT -->
  <testcase classname="com.crm.Generic_utility.Base_Class" name="@BeforeTest BT" time="0.0">
    <ignored/>
  </testcase> <!-- @BeforeTest BT -->
  <testcase classname="com.crm.Generic_utility.Base_Class" name="@BeforeTest BT" time="0.0">
    <ignored/>
  </testcase> <!-- @BeforeTest BT -->
  <testcase classname="com.crm.Generic_utility.Base_Class" name="@BeforeTest BT" time="0.0">
    <ignored/>
  </testcase> <!-- @BeforeTest BT -->
  <testcase classname="com.crm.Generic_utility.Base_Class" name="@BeforeTest BT" time="0.0">
    <ignored/>
  </testcase> <!-- @BeforeTest BT -->
  <testcase classname="com.crm.Generic_utility.Base_Class" name="@AfterSuite AS" time="0.0">
    <ignored/>
  </testcase> <!-- @AfterSuite AS -->
  <testcase classname="com.crm.Generic_utility.Base_Class" name="@AfterSuite AS" time="0.0">
    <ignored/>
  </testcase> <!-- @AfterSuite AS -->
  <testcase classname="com.crm.Generic_utility.Base_Class" name="@AfterSuite AS" time="0.0">
    <ignored/>
  </testcase> <!-- @AfterSuite AS -->
  <testcase classname="com.crm.Generic_utility.Base_Class" name="@AfterSuite AS" time="0.0">
    <ignored/>
  </testcase> <!-- @AfterSuite AS -->
  <testcase classname="com.crm.campaign.Create_Campaign_Test" name="create_Campaign_Test" time="0.0">
    <ignored/>
  </testcase> <!-- create_Campaign_Test -->
  <testcase classname="com.crm.campaign.Create_Campaign_With_Product_Module_Test" name="create_Campaign_With_Product_Module_Test" time="0.0">
    <ignored/>
  </testcase> <!-- create_Campaign_With_Product_Module_Test -->
  <testcase classname="com.crm.product.Create_Product_Delete_product_M_Test" name="create_Product_Delete_product_M_Test" time="0.0">
    <ignored/>
  </testcase> <!-- create_Product_Delete_product_M_Test -->
  <testcase classname="com.crm.organisation.Create_Organisation_Module_Test" name="create_Organisation_Module_Test" time="0.0">
    <ignored/>
  </testcase> <!-- create_Organisation_Module_Test -->
</testsuite> <!-- Test -->
