<?xml version="1.0" encoding="UTF-8"?>
<testng-results ignored="0" total="3" passed="3" failed="0" skipped="0">
  <reporter-output>
  </reporter-output>
  <suite started-at="2022-10-14T11:33:35 IST" name="Default suite" finished-at="2022-10-14T11:35:03 IST" duration-ms="88774">
    <groups>
    </groups>
    <test started-at="2022-10-14T11:33:35 IST" name="Default test" finished-at="2022-10-14T11:35:03 IST" duration-ms="88774">
      <class name="practice.Data_Provider">
        <test-method signature="contactDetails(java.lang.String,java.lang.String,java.lang.String)[pri:0, instance:practice.Data_Provider@67a20f67]" started-at="2022-10-14T11:33:35 IST" name="contactDetails" data-provider="dataProvider_test" finished-at="2022-10-14T11:34:07 IST" duration-ms="32552" status="PASS">
          <params>
            <param index="0">
              <value>
                <![CDATA[sarfraj]]>
              </value>
            </param>
            <param index="1">
              <value>
                <![CDATA[ahmad]]>
              </value>
            </param>
            <param index="2">
              <value>
                <![CDATA[7998765434]]>
              </value>
            </param>
          </params>
          <reporter-output>
          </reporter-output>
        </test-method> <!-- contactDetails -->
        <test-method signature="contactDetails(java.lang.String,java.lang.String,java.lang.String)[pri:0, instance:practice.Data_Provider@67a20f67]" started-at="2022-10-14T11:34:07 IST" name="contactDetails" data-provider="dataProvider_test" finished-at="2022-10-14T11:34:37 IST" duration-ms="30162" status="PASS">
          <params>
            <param index="0">
              <value>
                <![CDATA[sunil]]>
              </value>
            </param>
            <param index="1">
              <value>
                <![CDATA[singh]]>
              </value>
            </param>
            <param index="2">
              <value>
                <![CDATA[6798765434]]>
              </value>
            </param>
          </params>
          <reporter-output>
          </reporter-output>
        </test-method> <!-- contactDetails -->
        <test-method signature="contactDetails(java.lang.String,java.lang.String,java.lang.String)[pri:0, instance:practice.Data_Provider@67a20f67]" started-at="2022-10-14T11:34:37 IST" name="contactDetails" data-provider="dataProvider_test" finished-at="2022-10-14T11:35:03 IST" duration-ms="25913" status="PASS">
          <params>
            <param index="0">
              <value>
                <![CDATA[wasif]]>
              </value>
            </param>
            <param index="1">
              <value>
                <![CDATA[hussain]]>
              </value>
            </param>
            <param index="2">
              <value>
                <![CDATA[8898765434]]>
              </value>
            </param>
          </params>
          <reporter-output>
          </reporter-output>
        </test-method> <!-- contactDetails -->
      </class> <!-- practice.Data_Provider -->
    </test> <!-- Default test -->
  </suite> <!-- Default suite -->
</testng-results>
