<?xml version="1.0" encoding="UTF-8"?>
<testng-results ignored="0" total="1" passed="1" failed="0" skipped="0">
  <reporter-output>
  </reporter-output>
  <suite started-at="2022-10-18T18:43:30 IST" name="Default suite" finished-at="2022-10-18T18:44:30 IST" duration-ms="60080">
    <groups>
    </groups>
    <test started-at="2022-10-18T18:43:30 IST" name="Default test" finished-at="2022-10-18T18:44:30 IST" duration-ms="60080">
      <class name="com.crm.opportunities.Create_Org_camp_Opportunities_Test1">
        <test-method is-config="true" signature="BS()[pri:0, instance:com.crm.opportunities.Create_Org_camp_Opportunities_Test1@56620197]" started-at="2022-10-18T18:43:30 IST" name="BS" finished-at="2022-10-18T18:43:30 IST" duration-ms="12" status="PASS">
          <reporter-output>
          </reporter-output>
        </test-method> <!-- BS -->
        <test-method is-config="true" signature="BT()[pri:0, instance:com.crm.opportunities.Create_Org_camp_Opportunities_Test1@56620197]" started-at="2022-10-18T18:43:30 IST" name="BT" finished-at="2022-10-18T18:43:30 IST" duration-ms="1" status="PASS">
          <reporter-output>
          </reporter-output>
        </test-method> <!-- BT -->
        <test-method is-config="true" signature="BC()[pri:0, instance:com.crm.opportunities.Create_Org_camp_Opportunities_Test1@56620197]" started-at="2022-10-18T18:43:30 IST" name="BC" finished-at="2022-10-18T18:43:35 IST" duration-ms="5021" status="PASS">
          <reporter-output>
          </reporter-output>
        </test-method> <!-- BC -->
        <test-method is-config="true" signature="BM()[pri:0, instance:com.crm.opportunities.Create_Org_camp_Opportunities_Test1@56620197]" started-at="2022-10-18T18:43:35 IST" name="BM" finished-at="2022-10-18T18:43:40 IST" duration-ms="4522" status="PASS">
          <reporter-output>
          </reporter-output>
        </test-method> <!-- BM -->
        <test-method signature="Create_Org_camp_Opportunities_test()[pri:0, instance:com.crm.opportunities.Create_Org_camp_Opportunities_Test1@56620197]" started-at="2022-10-18T18:43:40 IST" name="Create_Org_camp_Opportunities_test" finished-at="2022-10-18T18:44:30 IST" duration-ms="50107" status="PASS">
          <reporter-output>
          </reporter-output>
        </test-method> <!-- Create_Org_camp_Opportunities_test -->
        <test-method is-config="true" signature="AM()[pri:0, instance:com.crm.opportunities.Create_Org_camp_Opportunities_Test1@56620197]" started-at="2022-10-18T18:44:30 IST" name="AM" finished-at="2022-10-18T18:44:30 IST" duration-ms="2" status="PASS">
          <reporter-output>
          </reporter-output>
        </test-method> <!-- AM -->
        <test-method is-config="true" signature="AC()[pri:0, instance:com.crm.opportunities.Create_Org_camp_Opportunities_Test1@56620197]" started-at="2022-10-18T18:44:30 IST" name="AC" finished-at="2022-10-18T18:44:30 IST" duration-ms="353" status="PASS">
          <reporter-output>
          </reporter-output>
        </test-method> <!-- AC -->
        <test-method is-config="true" signature="AT()[pri:0, instance:com.crm.opportunities.Create_Org_camp_Opportunities_Test1@56620197]" started-at="2022-10-18T18:44:30 IST" name="AT" finished-at="2022-10-18T18:44:30 IST" duration-ms="0" status="PASS">
          <reporter-output>
          </reporter-output>
        </test-method> <!-- AT -->
        <test-method is-config="true" signature="AS()[pri:0, instance:com.crm.opportunities.Create_Org_camp_Opportunities_Test1@56620197]" started-at="2022-10-18T18:44:30 IST" name="AS" finished-at="2022-10-18T18:44:30 IST" duration-ms="0" status="PASS">
          <reporter-output>
          </reporter-output>
        </test-method> <!-- AS -->
      </class> <!-- com.crm.opportunities.Create_Org_camp_Opportunities_Test1 -->
    </test> <!-- Default test -->
  </suite> <!-- Default suite -->
</testng-results>
