<?xml version="1.0" encoding="UTF-8"?>
<!-- Generated by org.testng.reporters.JUnitXMLReporter -->
<testsuite ignored="0" hostname="DESKTOP-8F9QOOU" failures="0" tests="3" name="Default test" time="88.774" errors="0" timestamp="2022-10-14T11:35:03 IST">
  <testcase classname="practice.Data_Provider" name="contactDetails" time="32.552"/>
  <testcase classname="practice.Data_Provider" name="contactDetails" time="30.162"/>
  <testcase classname="practice.Data_Provider" name="contactDetails" time="25.913"/>
</testsuite> <!-- Default test -->
